<?xml version="1.0" encoding="UTF-8"?>
<testsuites>
  <testsuite name="run_sas" timestamp="2023-09-21T02:03:44Z" hostname="705634e98c05" tests="3" skipped="3" failures="0" errors="0" time="0.267">
    <testcase time="0.1" classname="run_sas" name="run_sas_call_the_correct_method">
      <skipped message="Reason: On CRAN ('test-run_sas.R:4:3')"/>
    </testcase>
    <testcase time="0.114" classname="run_sas" name="df2sd_call_the_correct_method">
      <skipped message="Reason: On CRAN ('test-run_sas.R:9:3')"/>
    </testcase>
    <testcase time="0.0529999999999999" classname="run_sas" name="sd2df_call_the_correct_method">
      <skipped message="Reason: On CRAN ('test-run_sas.R:15:3')"/>
    </testcase>
  </testsuite>
  <testsuite name="sascfg" timestamp="2023-09-21T02:03:45Z" hostname="705634e98c05" tests="1" skipped="1" failures="0" errors="0" time="0.188">
    <testcase time="0.188" classname="sascfg" name="sascfg_creates_sas_configuration_file">
      <skipped message="Reason: py_available(TRUE) is not TRUE ('test-sascfg.R:4:3')"/>
    </testcase>
  </testsuite>
  <testsuite name="session" timestamp="2023-09-21T02:03:45Z" hostname="705634e98c05" tests="1" skipped="0" failures="0" errors="0" time="0.037">
    <testcase time="0.0369999999999999" classname="session" name="get_sas_session_returns_the_.sas_session"/>
  </testsuite>
  <testsuite name="utils" timestamp="2023-09-21T02:03:45Z" hostname="705634e98c05" tests="15" skipped="1" failures="0" errors="0" time="0.159">
    <testcase time="0.0249999999999999" classname="utils" name="validate_data_will_give_errors_if_._exist"/>
    <testcase time="0.00300000000000011" classname="utils" name="validate_data_will_give_errors_if_._exist"/>
    <testcase time="0.0129999999999999" classname="utils" name="validate_data_drop_row_names_and_give_warnings"/>
    <testcase time="0.004" classname="utils" name="validate_data_drop_row_names_and_give_warnings"/>
    <testcase time="0.00800000000000001" classname="utils" name="validate_sascfg_works_if_file_exists"/>
    <testcase time="0.012" classname="utils" name="validate_sascfg_warns_if_given_NULL"/>
    <testcase time="0.0110000000000001" classname="utils" name="validate_sascfg_errors_if_given_non_existing_file"/>
    <testcase time="0.0169999999999999" classname="utils" name="get_sas_cfg_works_as_expected"/>
    <testcase time="0.00099999999999989" classname="utils" name="get_sas_cfg_works_as_expected">
      <skipped message="Reason: On CRAN ('test-utils.R:58:3')"/>
    </testcase>
    <testcase time="0.0230000000000001" classname="utils" name="install_saspy_works"/>
    <testcase time="0.00599999999999978" classname="utils" name="install_saspy_works"/>
    <testcase time="0.0100000000000002" classname="utils" name="get_sas_session_works"/>
    <testcase time="0.00599999999999978" classname="utils" name="get_sas_session_works"/>
    <testcase time="0.00999999999999979" classname="utils" name="sas_session_ssh_works"/>
    <testcase time="0.0100000000000002" classname="utils" name="get_sas_cfg_works"/>
  </testsuite>
</testsuites>
