<?xml version="1.0" encoding="UTF-8"?>
<testsuites>
  <testsuite name="run_sas" timestamp="2023-02-16T13:36:58Z" hostname="f7cf921dd0bd" tests="3" skipped="3" failures="0" errors="0" time="0.193">
    <testcase time="0.0940000000000001" classname="run_sas" name="run_sas_call_the_correct_method">
      <skipped message="Reason: On CRAN ('test-run_sas.R:4')"/>
    </testcase>
    <testcase time="0.0620000000000001" classname="run_sas" name="df2sd_call_the_correct_method">
      <skipped message="Reason: On CRAN ('test-run_sas.R:9')"/>
    </testcase>
    <testcase time="0.0369999999999999" classname="run_sas" name="sd2df_call_the_correct_method">
      <skipped message="Reason: On CRAN ('test-run_sas.R:15')"/>
    </testcase>
  </testsuite>
  <testsuite name="sascfg" timestamp="2023-02-16T13:36:58Z" hostname="f7cf921dd0bd" tests="1" skipped="1" failures="0" errors="0" time="0.186">
    <testcase time="0.186" classname="sascfg" name="sascfg_creates_sas_configuration_file">
      <skipped message="Reason: py_available(TRUE) is not TRUE ('test-sascfg.R:4')"/>
    </testcase>
  </testsuite>
  <testsuite name="session" timestamp="2023-02-16T13:36:58Z" hostname="f7cf921dd0bd" tests="1" skipped="0" failures="0" errors="0" time="0.076">
    <testcase time="0.0760000000000001" classname="session" name="get_sas_session_returns_the_.sas_session"/>
  </testsuite>
  <testsuite name="utils" timestamp="2023-02-16T13:36:58Z" hostname="f7cf921dd0bd" tests="12" skipped="1" failures="0" errors="0" time="0.094">
    <testcase time="0.0220000000000002" classname="utils" name="validate_data_will_give_errors_if_._exist"/>
    <testcase time="0.00299999999999967" classname="utils" name="validate_data_will_give_errors_if_._exist"/>
    <testcase time="0.0089999999999999" classname="utils" name="validate_data_drop_row_names_and_give_warnings"/>
    <testcase time="0.004" classname="utils" name="validate_data_drop_row_names_and_give_warnings"/>
    <testcase time="0.00500000000000034" classname="utils" name="validate_ssh_with_tunnel_works_as_expected_for_a_dummy_session"/>
    <testcase time="0.00800000000000001" classname="utils" name="validate_ssh_with_tunnel_fails_when_either_tunnel_or_rtunnle_is_not_there"/>
    <testcase time="0.00599999999999978" classname="utils" name="validate_ssh_with_tunnel_fails_when_either_tunnel_or_rtunnle_is_not_there"/>
    <testcase time="0.012" classname="utils" name="validate_sascfg_works_if_file_exists"/>
    <testcase time="0.0089999999999999" classname="utils" name="validate_sascfg_warns_if_given_NULL"/>
    <testcase time="0.00800000000000001" classname="utils" name="validate_sascfg_errors_if_given_non_existing_file"/>
    <testcase time="0.00700000000000012" classname="utils" name="get_sas_cfg_works_as_expected"/>
    <testcase time="0.00099999999999989" classname="utils" name="get_sas_cfg_works_as_expected">
      <skipped message="Reason: On CRAN ('test-utils.R:71')"/>
    </testcase>
  </testsuite>
</testsuites>
