<?xml version="1.0" encoding="UTF-8"?>
<testsuites>
  <testsuite name="run_sas" timestamp="2024-09-13T16:10:19Z" hostname="8e06ed37bd9f" tests="3" skipped="3" failures="0" errors="0" time="0.175">
    <testcase time="0.0890000000000002" classname="run_sas" name="run_sas_call_the_correct_method">
      <skipped message="Reason: On CRAN ('test-run_sas.R:4:3')"/>
    </testcase>
    <testcase time="0.0539999999999998" classname="run_sas" name="df2sd_call_the_correct_method">
      <skipped message="Reason: On CRAN ('test-run_sas.R:9:3')"/>
    </testcase>
    <testcase time="0.032" classname="run_sas" name="sd2df_call_the_correct_method">
      <skipped message="Reason: On CRAN ('test-run_sas.R:15:3')"/>
    </testcase>
  </testsuite>
  <testsuite name="sascfg" timestamp="2024-09-13T16:10:19Z" hostname="8e06ed37bd9f" tests="1" skipped="1" failures="0" errors="0" time="0.113">
    <testcase time="0.113" classname="sascfg" name="sascfg_creates_sas_configuration_file">
      <skipped message="Reason: py_available(TRUE) is not TRUE ('test-sascfg.R:4:3')"/>
    </testcase>
  </testsuite>
  <testsuite name="session" timestamp="2024-09-13T16:10:19Z" hostname="8e06ed37bd9f" tests="1" skipped="0" failures="0" errors="0" time="0.031">
    <testcase time="0.0310000000000001" classname="session" name="get_sas_session_returns_the_.sas_session"/>
  </testsuite>
  <testsuite name="utils" timestamp="2024-09-13T16:10:19Z" hostname="8e06ed37bd9f" tests="15" skipped="1" failures="0" errors="0" time="0.093">
    <testcase time="0.0129999999999999" classname="utils" name="validate_data_will_give_errors_if_._exist"/>
    <testcase time="0.002" classname="utils" name="validate_data_will_give_errors_if_._exist"/>
    <testcase time="0.00800000000000001" classname="utils" name="validate_data_drop_row_names_and_give_warnings"/>
    <testcase time="0.002" classname="utils" name="validate_data_drop_row_names_and_give_warnings"/>
    <testcase time="0.00500000000000012" classname="utils" name="validate_sascfg_works_if_file_exists"/>
    <testcase time="0.0069999999999999" classname="utils" name="validate_sascfg_warns_if_given_NULL"/>
    <testcase time="0.0069999999999999" classname="utils" name="validate_sascfg_errors_if_given_non_existing_file"/>
    <testcase time="0.00600000000000001" classname="utils" name="get_sas_cfg_works_as_expected"/>
    <testcase time="0.00100000000000011" classname="utils" name="get_sas_cfg_works_as_expected">
      <skipped message="Reason: On CRAN ('test-utils.R:58:3')"/>
    </testcase>
    <testcase time="0.016" classname="utils" name="install_saspy_works"/>
    <testcase time="0.00499999999999989" classname="utils" name="install_saspy_works"/>
    <testcase time="0.00500000000000012" classname="utils" name="get_sas_session_works"/>
    <testcase time="0.00499999999999989" classname="utils" name="get_sas_session_works"/>
    <testcase time="0.00500000000000012" classname="utils" name="sas_session_works"/>
    <testcase time="0.00600000000000001" classname="utils" name="get_sas_cfg_works"/>
  </testsuite>
</testsuites>
