<?xml version="1.0" encoding="UTF-8"?>
<!DOCTYPE coverage SYSTEM "https://raw.githubusercontent.com/cobertura/cobertura/master/cobertura/src/site/htdocs/xml/coverage-04.dtd">
<coverage line-rate="0.782608695652174" branch-rate="0" lines-covered="72" lines-valid="92" branches-covered="0" branches-valid="0" complexity="0" version="3.6.4" timestamp="2025-02-20 13:35:59.877964">
  <sources>
    <source>/__w/sasr/sasr/sasr</source>
  </sources>
  <packages>
    <package name="sasr" line-rate="0.782608695652174" branch-rate="0" complexity="0">
      <classes>
        <class name="run_sas.R" filename="R/run_sas.R" line-rate="1" branch-rate="0" complexity="0">
          <methods>
            <method name="run_sas" signature="" line-rate="1" branch-rate="0" complexity="0">
              <lines>
                <line number="22" hits="2" branch="false"/>
                <line number="23" hits="2" branch="false"/>
                <line number="24" hits="2" branch="false"/>
              </lines>
            </method>
            <method name="df2sd" signature="" line-rate="1" branch-rate="0" complexity="0">
              <lines>
                <line number="40" hits="1" branch="false"/>
                <line number="41" hits="1" branch="false"/>
              </lines>
            </method>
            <method name="sd2df" signature="" line-rate="1" branch-rate="0" complexity="0">
              <lines>
                <line number="57" hits="1" branch="false"/>
              </lines>
            </method>
          </methods>
          <lines>
            <line number="22" hits="2" branch="false"/>
            <line number="23" hits="2" branch="false"/>
            <line number="24" hits="2" branch="false"/>
            <line number="40" hits="1" branch="false"/>
            <line number="41" hits="1" branch="false"/>
            <line number="57" hits="1" branch="false"/>
          </lines>
        </class>
        <class name="sas_engine.R" filename="R/sas_engine.R" line-rate="0.777777777777778" branch-rate="0" complexity="0">
          <methods>
            <method name="sas_engine" signature="" line-rate="0.777777777777778" branch-rate="0" complexity="0">
              <lines>
                <line number="4" hits="1" branch="false"/>
                <line number="5" hits="1" branch="false"/>
                <line number="6" hits="1" branch="false"/>
                <line number="7" hits="0" branch="false"/>
                <line number="9" hits="1" branch="false"/>
                <line number="10" hits="1" branch="false"/>
                <line number="13" hits="0" branch="false"/>
                <line number="15" hits="1" branch="false"/>
                <line number="16" hits="1" branch="false"/>
              </lines>
            </method>
          </methods>
          <lines>
            <line number="4" hits="1" branch="false"/>
            <line number="5" hits="1" branch="false"/>
            <line number="6" hits="1" branch="false"/>
            <line number="7" hits="0" branch="false"/>
            <line number="9" hits="1" branch="false"/>
            <line number="10" hits="1" branch="false"/>
            <line number="13" hits="0" branch="false"/>
            <line number="15" hits="1" branch="false"/>
            <line number="16" hits="1" branch="false"/>
          </lines>
        </class>
        <class name="sascfg.R" filename="R/sascfg.R" line-rate="0" branch-rate="0" complexity="0">
          <methods>
            <method name="sascfg" signature="" line-rate="0" branch-rate="0" complexity="0">
              <lines>
                <line number="26" hits="0" branch="false"/>
                <line number="27" hits="0" branch="false"/>
                <line number="28" hits="0" branch="false"/>
                <line number="29" hits="0" branch="false"/>
                <line number="30" hits="0" branch="false"/>
                <line number="31" hits="0" branch="false"/>
                <line number="32" hits="0" branch="false"/>
              </lines>
            </method>
          </methods>
          <lines>
            <line number="26" hits="0" branch="false"/>
            <line number="27" hits="0" branch="false"/>
            <line number="28" hits="0" branch="false"/>
            <line number="29" hits="0" branch="false"/>
            <line number="30" hits="0" branch="false"/>
            <line number="31" hits="0" branch="false"/>
            <line number="32" hits="0" branch="false"/>
          </lines>
        </class>
        <class name="utils.R" filename="R/utils.R" line-rate="0.893939393939394" branch-rate="0" complexity="0">
          <methods>
            <method name="install_saspy" signature="" line-rate="1" branch-rate="0" complexity="0">
              <lines>
                <line number="12" hits="2" branch="false"/>
                <line number="13" hits="2" branch="false"/>
                <line number="14" hits="2" branch="false"/>
                <line number="15" hits="2" branch="false"/>
                <line number="16" hits="2" branch="false"/>
                <line number="17" hits="2" branch="false"/>
                <line number="18" hits="2" branch="false"/>
                <line number="19" hits="2" branch="false"/>
                <line number="20" hits="1" branch="false"/>
                <line number="22" hits="1" branch="false"/>
              </lines>
            </method>
            <method name="validate_data" signature="" line-rate="1" branch-rate="0" complexity="0">
              <lines>
                <line number="42" hits="4" branch="false"/>
                <line number="43" hits="4" branch="false"/>
                <line number="44" hits="4" branch="false"/>
                <line number="45" hits="1" branch="false"/>
                <line number="46" hits="1" branch="false"/>
                <line number="47" hits="1" branch="false"/>
                <line number="48" hits="1" branch="false"/>
                <line number="49" hits="1" branch="false"/>
                <line number="51" hits="3" branch="false"/>
                <line number="52" hits="1" branch="false"/>
                <line number="53" hits="1" branch="false"/>
                <line number="54" hits="1" branch="false"/>
                <line number="55" hits="1" branch="false"/>
                <line number="56" hits="1" branch="false"/>
                <line number="57" hits="1" branch="false"/>
                <line number="59" hits="3" branch="false"/>
              </lines>
            </method>
            <method name="validate_sascfg" signature="" line-rate="1" branch-rate="0" complexity="0">
              <lines>
                <line number="75" hits="3" branch="false"/>
                <line number="76" hits="1" branch="false"/>
                <line number="77" hits="1" branch="false"/>
                <line number="78" hits="1" branch="false"/>
                <line number="79" hits="1" branch="false"/>
                <line number="80" hits="1" branch="false"/>
                <line number="82" hits="2" branch="false"/>
                <line number="83" hits="1" branch="false"/>
                <line number="84" hits="1" branch="false"/>
                <line number="85" hits="1" branch="false"/>
                <line number="86" hits="1" branch="false"/>
                <line number="87" hits="1" branch="false"/>
              </lines>
            </method>
            <method name="get_sas_session" signature="" line-rate="1" branch-rate="0" complexity="0">
              <lines>
                <line number="102" hits="4" branch="false"/>
                <line number="103" hits="2" branch="false"/>
                <line number="105" hits="4" branch="false"/>
                <line number="106" hits="1" branch="false"/>
                <line number="107" hits="1" branch="false"/>
                <line number="108" hits="1" branch="false"/>
                <line number="109" hits="1" branch="false"/>
                <line number="110" hits="1" branch="false"/>
                <line number="111" hits="1" branch="false"/>
                <line number="112" hits="1" branch="false"/>
                <line number="113" hits="1" branch="false"/>
                <line number="115" hits="3" branch="false"/>
              </lines>
            </method>
            <method name="sas_session" signature="" line-rate="1" branch-rate="0" complexity="0">
              <lines>
                <line number="130" hits="1" branch="false"/>
                <line number="131" hits="1" branch="false"/>
                <line number="132" hits="1" branch="false"/>
                <line number="133" hits="1" branch="false"/>
              </lines>
            </method>
            <method name="sas_session_ssh" signature="" line-rate="0" branch-rate="0" complexity="0">
              <lines>
                <line number="140" hits="0" branch="false"/>
                <line number="141" hits="0" branch="false"/>
                <line number="142" hits="0" branch="false"/>
                <line number="143" hits="0" branch="false"/>
                <line number="144" hits="0" branch="false"/>
                <line number="145" hits="0" branch="false"/>
              </lines>
            </method>
            <method name="get_sas_cfg" signature="" line-rate="0.833333333333333" branch-rate="0" complexity="0">
              <lines>
                <line number="161" hits="2" branch="false"/>
                <line number="162" hits="2" branch="false"/>
                <line number="163" hits="1" branch="false"/>
                <line number="165" hits="1" branch="false"/>
                <line number="166" hits="0" branch="false"/>
                <line number="168" hits="1" branch="false"/>
              </lines>
            </method>
          </methods>
          <lines>
            <line number="12" hits="2" branch="false"/>
            <line number="13" hits="2" branch="false"/>
            <line number="14" hits="2" branch="false"/>
            <line number="15" hits="2" branch="false"/>
            <line number="16" hits="2" branch="false"/>
            <line number="17" hits="2" branch="false"/>
            <line number="18" hits="2" branch="false"/>
            <line number="19" hits="2" branch="false"/>
            <line number="20" hits="1" branch="false"/>
            <line number="22" hits="1" branch="false"/>
            <line number="42" hits="4" branch="false"/>
            <line number="43" hits="4" branch="false"/>
            <line number="44" hits="4" branch="false"/>
            <line number="45" hits="1" branch="false"/>
            <line number="46" hits="1" branch="false"/>
            <line number="47" hits="1" branch="false"/>
            <line number="48" hits="1" branch="false"/>
            <line number="49" hits="1" branch="false"/>
            <line number="51" hits="3" branch="false"/>
            <line number="52" hits="1" branch="false"/>
            <line number="53" hits="1" branch="false"/>
            <line number="54" hits="1" branch="false"/>
            <line number="55" hits="1" branch="false"/>
            <line number="56" hits="1" branch="false"/>
            <line number="57" hits="1" branch="false"/>
            <line number="59" hits="3" branch="false"/>
            <line number="75" hits="3" branch="false"/>
            <line number="76" hits="1" branch="false"/>
            <line number="77" hits="1" branch="false"/>
            <line number="78" hits="1" branch="false"/>
            <line number="79" hits="1" branch="false"/>
            <line number="80" hits="1" branch="false"/>
            <line number="82" hits="2" branch="false"/>
            <line number="83" hits="1" branch="false"/>
            <line number="84" hits="1" branch="false"/>
            <line number="85" hits="1" branch="false"/>
            <line number="86" hits="1" branch="false"/>
            <line number="87" hits="1" branch="false"/>
            <line number="102" hits="4" branch="false"/>
            <line number="103" hits="2" branch="false"/>
            <line number="105" hits="4" branch="false"/>
            <line number="106" hits="1" branch="false"/>
            <line number="107" hits="1" branch="false"/>
            <line number="108" hits="1" branch="false"/>
            <line number="109" hits="1" branch="false"/>
            <line number="110" hits="1" branch="false"/>
            <line number="111" hits="1" branch="false"/>
            <line number="112" hits="1" branch="false"/>
            <line number="113" hits="1" branch="false"/>
            <line number="115" hits="3" branch="false"/>
            <line number="130" hits="1" branch="false"/>
            <line number="131" hits="1" branch="false"/>
            <line number="132" hits="1" branch="false"/>
            <line number="133" hits="1" branch="false"/>
            <line number="140" hits="0" branch="false"/>
            <line number="141" hits="0" branch="false"/>
            <line number="142" hits="0" branch="false"/>
            <line number="143" hits="0" branch="false"/>
            <line number="144" hits="0" branch="false"/>
            <line number="145" hits="0" branch="false"/>
            <line number="161" hits="2" branch="false"/>
            <line number="162" hits="2" branch="false"/>
            <line number="163" hits="1" branch="false"/>
            <line number="165" hits="1" branch="false"/>
            <line number="166" hits="0" branch="false"/>
            <line number="168" hits="1" branch="false"/>
          </lines>
        </class>
        <class name="zzz.R" filename="R/zzz.R" line-rate="0" branch-rate="0" complexity="0">
          <methods>
            <method name=".onLoad" signature="" line-rate="0" branch-rate="0" complexity="0">
              <lines>
                <line number="15" hits="0" branch="false"/>
                <line number="16" hits="0" branch="false"/>
                <line number="17" hits="0" branch="false"/>
                <line number="18" hits="0" branch="false"/>
              </lines>
            </method>
          </methods>
          <lines>
            <line number="15" hits="0" branch="false"/>
            <line number="16" hits="0" branch="false"/>
            <line number="17" hits="0" branch="false"/>
            <line number="18" hits="0" branch="false"/>
          </lines>
        </class>
      </classes>
    </package>
  </packages>
</coverage>
